2022-04-17 14:51:25,160 - INFO - Batch size: 128, seed: 42, epochs: 7
2022-04-17 14:51:25,160 - INFO - Training model: TSSD
2022-04-17 14:51:25,160 - INFO - Input feature : wave
2022-04-17 14:51:25,160 - INFO - Model kwargs  : {
  "in_dim": 64600
}
2022-04-17 14:51:25,160 - INFO - Loading data...
2022-04-17 14:51:25,255 - INFO - Loading data from /home/markhuang/Data/WaveFake/real...!
2022-04-17 14:51:25,402 - INFO - Loading data from /home/markhuang/Data/WaveFake/fake/ljspeech_melgan...!
2022-04-17 14:51:25,500 - INFO - Loading data from /home/markhuang/Data/WaveFake/fake/ljspeech_parallel_wavegan...!
2022-04-17 14:51:25,597 - INFO - Loading data from /home/markhuang/Data/WaveFake/fake/ljspeech_hifiGAN...!
2022-04-17 14:51:25,693 - INFO - Loading data from /home/markhuang/Data/WaveFake/fake/ljspeech_waveglow...!
2022-04-17 14:51:25,886 - INFO - Loading data from /home/markhuang/Data/WaveFake/fake/ljspeech_multi_band_melgan...!
2022-04-17 14:51:25,983 - INFO - Loading data from /home/markhuang/Data/WaveFake/fake/ljspeech_full_band_melgan...!
2022-04-17 14:51:26,080 - INFO - Loading data from /home/markhuang/Data/WaveFake/fake/ljspeech_melgan_large...!
2022-04-17 14:51:26,080 - INFO - Training model on 88294 audio files.
2022-04-17 14:51:26,080 - INFO - Testing model on  5240 audio files.
2022-04-17 14:51:26,080 - INFO - Train/Test ratio: 16.85
2022-04-17 14:51:26,080 - INFO - Real/Fake ratio in training: 0.135 (pos_weight)
2022-04-17 15:26:02,181 - INFO - [000]: loss: 0.0834 - train acc: 88.03 - test acc: 50.19 - test eer : 0.0
2022-04-17 15:26:02,181 - INFO - [000]: Best Test Accuracy: 50.191
2022-04-17 15:26:05,202 - INFO - [000]: Best Model Saved: saved/TSSD_wave_O/best.pt
2022-04-17 15:26:05,206 - INFO - [000]: Prediction Saved: saved/TSSD_wave_O/best_pred.json
2022-04-17 16:00:40,956 - INFO - [001]: loss: 0.0567 - train acc: 89.45 - test acc: 52.5 - test eer : 0.0
2022-04-17 16:00:40,957 - INFO - [001]: Best Test Accuracy: 52.5
2022-04-17 16:00:43,979 - INFO - [001]: Best Model Saved: saved/TSSD_wave_O/best.pt
2022-04-17 16:00:43,982 - INFO - [001]: Prediction Saved: saved/TSSD_wave_O/best_pred.json
2022-04-17 16:35:08,164 - INFO - [002]: loss: 0.0311 - train acc: 93.89 - test acc: 60.4 - test eer : 0.002
2022-04-17 16:35:08,164 - INFO - [002]: Best Test Accuracy: 60.401
2022-04-17 16:35:11,186 - INFO - [002]: Best Model Saved: saved/TSSD_wave_O/best.pt
2022-04-17 16:35:11,190 - INFO - [002]: Prediction Saved: saved/TSSD_wave_O/best_pred.json
2022-04-17 17:09:39,377 - INFO - [003]: loss: 0.0218 - train acc: 95.79 - test acc: 72.63 - test eer : 0.54
2022-04-17 17:09:39,378 - INFO - [003]: Best Test Accuracy: 72.634
2022-04-17 17:09:42,399 - INFO - [003]: Best Model Saved: saved/TSSD_wave_O/best.pt
2022-04-17 17:09:42,403 - INFO - [003]: Prediction Saved: saved/TSSD_wave_O/best_pred.json
2022-04-17 17:44:13,864 - INFO - [004]: loss: 0.0164 - train acc: 96.91 - test acc: 89.89 - test eer : 0.081
2022-04-17 17:44:13,864 - INFO - [004]: Best Test Accuracy: 89.885
2022-04-17 17:44:16,887 - INFO - [004]: Best Model Saved: saved/TSSD_wave_O/best.pt
2022-04-17 17:44:16,890 - INFO - [004]: Prediction Saved: saved/TSSD_wave_O/best_pred.json
2022-04-17 18:18:44,365 - INFO - [005]: loss: 0.0133 - train acc: 97.58 - test acc: 89.77 - test eer : 0.152
2022-04-17 18:52:51,467 - INFO - [006]: loss: 0.0107 - train acc: 98.08 - test acc: 87.0 - test eer : 0.196
