2022-04-18 06:15:08,204 - INFO - Batch size: 256, seed: 42, epochs: 20
2022-04-18 06:15:08,205 - INFO - Training model: WaveLSTM
2022-04-18 06:15:08,205 - INFO - Input feature : wave
2022-04-18 06:15:08,205 - INFO - Model kwargs  : {
  "num_frames": 10,
  "input_len": 64600,
  "hidden_dim": 30,
  "out_dim": 1,
  "device": "cuda"
}
2022-04-18 06:15:08,205 - INFO - Loading data...
2022-04-18 06:15:08,288 - INFO - Loading data from /home/markhuang/Data/WaveFake/real...!
2022-04-18 06:15:08,419 - INFO - Loading data from /home/markhuang/Data/WaveFake/fake/ljspeech_melgan...!
2022-04-18 06:15:08,419 - INFO - Training model on 20960 audio files.
2022-04-18 06:15:08,419 - INFO - Testing model on  5240 audio files.
2022-04-18 06:15:08,419 - INFO - Train/Test ratio: 4.0
2022-04-18 06:15:08,419 - INFO - Real/Fake ratio in training: 1.0 (pos_weight)
2022-04-18 06:15:09,982 - INFO - Model summary:
==========================================================================================
Layer (type:depth-idx)                   Output Shape              Param #
==========================================================================================
WaveLSTM                                 --                        --
├─LSTM: 1-1                              [256, 10, 60]             1,580,160
├─Conv1d: 1-2                            [256, 10, 10]             610
├─Linear: 1-3                            [256, 1]                  101
==========================================================================================
Total params: 1,580,871
Trainable params: 1,580,871
Non-trainable params: 0
Total mult-adds (G): 4.05
==========================================================================================
Input size (MB): 66.15
Forward/backward pass size (MB): 1.44
Params size (MB): 6.32
Estimated Total Size (MB): 73.91
==========================================================================================
2022-04-18 06:25:41,312 - INFO - [000]: loss: 0.6932 - train acc: 49.93 - test acc: 50.5 - test eer : 0.1198
2022-04-18 06:25:41,312 - INFO - [000]: Best Test Accuracy: 50.496
2022-04-18 06:25:44,421 - INFO - [000]: Best Model Saved: saved/WaveLSTM_wave_I/best.pt
2022-04-18 06:25:44,425 - INFO - [000]: Prediction Saved: saved/WaveLSTM_wave_I/best_pred.json
2022-04-18 06:36:14,946 - INFO - [001]: loss: 0.6931 - train acc: 50.46 - test acc: 50.32 - test eer : 0.0634
2022-04-18 06:46:46,131 - INFO - [002]: loss: 0.6928 - train acc: 51.95 - test acc: 50.38 - test eer : 0.2031
2022-04-18 06:57:16,069 - INFO - [003]: loss: 0.6919 - train acc: 53.82 - test acc: 50.44 - test eer : 0.7588
2022-04-18 07:07:45,713 - INFO - [004]: loss: 0.6843 - train acc: 56.3 - test acc: 52.25 - test eer : 0.5496
2022-04-18 07:07:45,713 - INFO - [004]: Best Test Accuracy: 52.252
2022-04-18 07:07:48,809 - INFO - [004]: Best Model Saved: saved/WaveLSTM_wave_I/best.pt
2022-04-18 07:07:48,815 - INFO - [004]: Prediction Saved: saved/WaveLSTM_wave_I/best_pred.json
2022-04-18 07:18:17,971 - INFO - [005]: loss: 0.6437 - train acc: 63.11 - test acc: 58.82 - test eer : 0.376
2022-04-18 07:18:17,972 - INFO - [005]: Best Test Accuracy: 58.817
2022-04-18 07:18:21,051 - INFO - [005]: Best Model Saved: saved/WaveLSTM_wave_I/best.pt
2022-04-18 07:18:21,086 - INFO - [005]: Prediction Saved: saved/WaveLSTM_wave_I/best_pred.json
2022-04-18 07:28:49,517 - INFO - [006]: loss: 0.5139 - train acc: 75.14 - test acc: 69.01 - test eer : 0.25
2022-04-18 07:28:49,517 - INFO - [006]: Best Test Accuracy: 69.008
2022-04-18 07:28:52,601 - INFO - [006]: Best Model Saved: saved/WaveLSTM_wave_I/best.pt
2022-04-18 07:28:52,607 - INFO - [006]: Prediction Saved: saved/WaveLSTM_wave_I/best_pred.json
2022-04-18 07:39:22,411 - INFO - [007]: loss: 0.3287 - train acc: 86.24 - test acc: 71.89 - test eer : 0.216
2022-04-18 07:39:22,412 - INFO - [007]: Best Test Accuracy: 71.889
2022-04-18 07:39:25,492 - INFO - [007]: Best Model Saved: saved/WaveLSTM_wave_I/best.pt
2022-04-18 07:39:25,498 - INFO - [007]: Prediction Saved: saved/WaveLSTM_wave_I/best_pred.json
2022-04-18 07:49:56,942 - INFO - [008]: loss: 0.1738 - train acc: 93.69 - test acc: 72.84 - test eer : 0.1824
2022-04-18 07:49:56,942 - INFO - [008]: Best Test Accuracy: 72.844
2022-04-18 07:50:00,072 - INFO - [008]: Best Model Saved: saved/WaveLSTM_wave_I/best.pt
2022-04-18 07:50:00,077 - INFO - [008]: Prediction Saved: saved/WaveLSTM_wave_I/best_pred.json
2022-04-18 08:00:29,743 - INFO - [009]: loss: 0.0812 - train acc: 97.46 - test acc: 73.95 - test eer : 0.2187
2022-04-18 08:00:29,744 - INFO - [009]: Best Test Accuracy: 73.95
2022-04-18 08:00:32,842 - INFO - [009]: Best Model Saved: saved/WaveLSTM_wave_I/best.pt
2022-04-18 08:00:32,849 - INFO - [009]: Prediction Saved: saved/WaveLSTM_wave_I/best_pred.json
2022-04-18 08:11:02,185 - INFO - [010]: loss: 0.0374 - train acc: 99.05 - test acc: 74.31 - test eer : 0.2447
2022-04-18 08:11:02,185 - INFO - [010]: Best Test Accuracy: 74.313
2022-04-18 08:11:05,287 - INFO - [010]: Best Model Saved: saved/WaveLSTM_wave_I/best.pt
2022-04-18 08:11:05,290 - INFO - [010]: Prediction Saved: saved/WaveLSTM_wave_I/best_pred.json
2022-04-18 08:21:32,352 - INFO - [011]: loss: 0.0254 - train acc: 99.3 - test acc: 74.92 - test eer : 0.2141
2022-04-18 08:21:32,352 - INFO - [011]: Best Test Accuracy: 74.924
2022-04-18 08:21:35,469 - INFO - [011]: Best Model Saved: saved/WaveLSTM_wave_I/best.pt
2022-04-18 08:21:35,473 - INFO - [011]: Prediction Saved: saved/WaveLSTM_wave_I/best_pred.json
2022-04-18 08:32:01,911 - INFO - [012]: loss: 0.0234 - train acc: 99.28 - test acc: 74.06 - test eer : 0.2347
2022-04-18 08:42:26,554 - INFO - [013]: loss: 0.0138 - train acc: 99.65 - test acc: 74.68 - test eer : 0.2198
2022-04-18 08:52:49,697 - INFO - [014]: loss: 0.0153 - train acc: 99.49 - test acc: 73.93 - test eer : 0.1992
2022-04-18 09:03:12,139 - INFO - [015]: loss: 0.0131 - train acc: 99.61 - test acc: 74.56 - test eer : 0.2065
2022-04-18 09:13:35,228 - INFO - [016]: loss: 0.0132 - train acc: 99.57 - test acc: 75.36 - test eer : 0.2179
2022-04-18 09:13:35,228 - INFO - [016]: Best Test Accuracy: 75.363
2022-04-18 09:13:38,353 - INFO - [016]: Best Model Saved: saved/WaveLSTM_wave_I/best.pt
2022-04-18 09:13:38,359 - INFO - [016]: Prediction Saved: saved/WaveLSTM_wave_I/best_pred.json
2022-04-18 09:24:00,214 - INFO - [017]: loss: 0.0119 - train acc: 99.59 - test acc: 75.15 - test eer : 0.2282
2022-04-18 09:34:21,553 - INFO - [018]: loss: 0.0088 - train acc: 99.73 - test acc: 74.81 - test eer : 0.2004
2022-04-18 09:44:42,241 - INFO - [019]: loss: 0.0119 - train acc: 99.61 - test acc: 75.04 - test eer : 0.2344
