2022-04-16 10:24:01,294 - INFO - Batch size: 256, seed: 42, epochs: 30
2022-04-16 10:24:01,295 - INFO - Training model: WaveLSTM
2022-04-16 10:24:01,295 - INFO - Input feature : wave
2022-04-16 10:24:01,295 - INFO - Model kwargs  : {
  "feat_dim": 64600,
  "time_dim": 500,
  "mid_dim": 30,
  "out_dim": 1
}
2022-04-16 10:24:01,295 - INFO - Loading data...
2022-04-16 10:24:01,430 - INFO - Loading data from /home/markhuang/Data/WaveFake/real...!
2022-04-16 10:24:01,528 - INFO - Loading data from /home/markhuang/Data/WaveFake/fake/ljspeech_melgan...!
2022-04-16 10:24:01,529 - INFO - Training model on 20960 audio files.
2022-04-16 10:24:01,529 - INFO - Testing model on  5240 audio files.
2022-04-16 10:24:01,529 - INFO - Train/Test ratio: 4.0
2022-04-16 10:24:01,529 - INFO - Real/Fake ratio in training: 1.0 (pos_weight)
2022-04-16 10:33:52,940 - INFO - [000]: loss: 0.6935 - train acc: 49.57 - test acc: 50.0 - test eer : 0.0
2022-04-16 10:33:52,940 - INFO - [000]: Best Test Accuracy: 50.0
2022-04-16 10:33:57,918 - INFO - [000]: Best Model Saved: saved/WaveLSTM_wave_I/best.pt
2022-04-16 10:33:57,922 - INFO - [000]: Prediction Saved: saved/WaveLSTM_wave_I/best_pred.json
2022-04-16 10:43:44,653 - INFO - [001]: loss: 0.6932 - train acc: 50.0 - test acc: 50.0 - test eer : 0.0
2022-04-16 10:53:30,960 - INFO - [002]: loss: 0.6932 - train acc: 49.8 - test acc: 50.0 - test eer : 0.0
2022-04-16 11:03:11,969 - INFO - [003]: loss: 0.6932 - train acc: 49.73 - test acc: 50.0 - test eer : 0.0
2022-04-16 11:12:51,124 - INFO - [004]: loss: 0.6932 - train acc: 50.0 - test acc: 50.0 - test eer : 0.0
2022-04-16 11:22:29,149 - INFO - [005]: loss: 0.6932 - train acc: 50.0 - test acc: 50.0 - test eer : 0.0
2022-04-16 11:32:08,193 - INFO - [006]: loss: 0.6932 - train acc: 49.83 - test acc: 50.0 - test eer : 0.0
2022-04-16 11:41:46,488 - INFO - [007]: loss: 0.6932 - train acc: 50.26 - test acc: 50.0 - test eer : 0.0
2022-04-16 11:51:25,702 - INFO - [008]: loss: 0.6932 - train acc: 50.0 - test acc: 50.0 - test eer : 0.0
2022-04-16 12:01:04,547 - INFO - [009]: loss: 0.6932 - train acc: 50.0 - test acc: 50.0 - test eer : 0.0
2022-04-16 12:10:43,938 - INFO - [010]: loss: 0.6932 - train acc: 49.27 - test acc: 50.0 - test eer : 0.0
2022-04-16 12:20:23,114 - INFO - [011]: loss: 0.6931 - train acc: 50.08 - test acc: 50.0 - test eer : 0.0
2022-04-16 12:30:02,097 - INFO - [012]: loss: 0.6932 - train acc: 50.0 - test acc: 50.0 - test eer : 0.0
2022-04-16 12:39:40,093 - INFO - [013]: loss: 0.6932 - train acc: 49.94 - test acc: 50.0 - test eer : 0.0
2022-04-16 12:49:24,832 - INFO - [014]: loss: 0.6932 - train acc: 49.48 - test acc: 50.0 - test eer : 0.0
