2022-04-15 20:09:58,788 - INFO - Training model: SimpleLSTM
2022-04-15 20:09:58,788 - INFO - Input feature : mfcc
2022-04-15 20:09:58,788 - INFO - Model kwargs  : {
  "feat_dim": 40,
  "time_dim": 972,
  "mid_dim": 30,
  "out_dim": 1
}
2022-04-15 20:09:58,788 - INFO - Loading data...
2022-04-15 20:09:58,920 - INFO - Loading data from /home/markhuang/Data/WaveFake/real...!
2022-04-15 20:09:59,015 - INFO - Loading data from /home/markhuang/Data/WaveFake/fake/ljspeech_melgan...!
2022-04-15 20:09:59,015 - INFO - Training model on 20960 audio files.
2022-04-15 20:09:59,015 - INFO - Testing model on  5240 audio files.
2022-04-15 20:09:59,015 - INFO - Train/Test ratio: 4.0
2022-04-15 20:09:59,015 - INFO - Real/Fake ratio in training: 1.0 (pos_weight)
2022-04-15 20:19:56,465 - INFO - [000]: loss: 0.6944 - train acc: 50.09 - test acc: 50.02 - test eer : 0.0
2022-04-15 20:19:56,465 - INFO - [000]: Best Test Accuracy: 50.019
2022-04-15 20:19:59,475 - INFO - [000]: Best Model Saved: saved/SimpleLSTM_mfcc_I/best.pt
2022-04-15 20:19:59,480 - INFO - [000]: Prediction Saved: saved/SimpleLSTM_mfcc_I/best_pred.json
2022-04-15 20:29:57,071 - INFO - [001]: loss: 0.6909 - train acc: 53.44 - test acc: 55.02 - test eer : 0.808
2022-04-15 20:29:57,071 - INFO - [001]: Best Test Accuracy: 55.019
2022-04-15 20:30:00,081 - INFO - [001]: Best Model Saved: saved/SimpleLSTM_mfcc_I/best.pt
2022-04-15 20:30:00,087 - INFO - [001]: Prediction Saved: saved/SimpleLSTM_mfcc_I/best_pred.json
2022-04-15 20:39:57,759 - INFO - [002]: loss: 0.6492 - train acc: 62.5 - test acc: 70.73 - test eer : 0.444
2022-04-15 20:39:57,759 - INFO - [002]: Best Test Accuracy: 70.725
2022-04-15 20:40:00,770 - INFO - [002]: Best Model Saved: saved/SimpleLSTM_mfcc_I/best.pt
2022-04-15 20:40:00,776 - INFO - [002]: Prediction Saved: saved/SimpleLSTM_mfcc_I/best_pred.json
2022-04-15 20:49:58,777 - INFO - [003]: loss: 0.4778 - train acc: 77.2 - test acc: 81.93 - test eer : 0.223
2022-04-15 20:49:58,777 - INFO - [003]: Best Test Accuracy: 81.927
2022-04-15 20:50:01,786 - INFO - [003]: Best Model Saved: saved/SimpleLSTM_mfcc_I/best.pt
2022-04-15 20:50:01,792 - INFO - [003]: Prediction Saved: saved/SimpleLSTM_mfcc_I/best_pred.json
2022-04-15 21:00:00,506 - INFO - [004]: loss: 0.3227 - train acc: 86.08 - test acc: 87.14 - test eer : 0.122
2022-04-15 21:00:00,506 - INFO - [004]: Best Test Accuracy: 87.137
2022-04-15 21:00:03,516 - INFO - [004]: Best Model Saved: saved/SimpleLSTM_mfcc_I/best.pt
2022-04-15 21:00:03,522 - INFO - [004]: Prediction Saved: saved/SimpleLSTM_mfcc_I/best_pred.json
2022-04-15 21:09:59,877 - INFO - [005]: loss: 0.2423 - train acc: 90.43 - test acc: 89.92 - test eer : 0.094
2022-04-15 21:09:59,877 - INFO - [005]: Best Test Accuracy: 89.924
2022-04-15 21:10:02,887 - INFO - [005]: Best Model Saved: saved/SimpleLSTM_mfcc_I/best.pt
2022-04-15 21:10:02,892 - INFO - [005]: Prediction Saved: saved/SimpleLSTM_mfcc_I/best_pred.json
2022-04-15 21:20:02,010 - INFO - [006]: loss: 0.1761 - train acc: 93.24 - test acc: 91.56 - test eer : 0.082
2022-04-15 21:20:02,010 - INFO - [006]: Best Test Accuracy: 91.565
2022-04-15 21:20:05,020 - INFO - [006]: Best Model Saved: saved/SimpleLSTM_mfcc_I/best.pt
2022-04-15 21:20:05,026 - INFO - [006]: Prediction Saved: saved/SimpleLSTM_mfcc_I/best_pred.json
2022-04-15 21:30:07,013 - INFO - [007]: loss: 0.1331 - train acc: 95.06 - test acc: 92.77 - test eer : 0.056
2022-04-15 21:30:07,013 - INFO - [007]: Best Test Accuracy: 92.767
2022-04-15 21:30:10,024 - INFO - [007]: Best Model Saved: saved/SimpleLSTM_mfcc_I/best.pt
2022-04-15 21:30:10,029 - INFO - [007]: Prediction Saved: saved/SimpleLSTM_mfcc_I/best_pred.json
2022-04-15 21:40:13,372 - INFO - [008]: loss: 0.1057 - train acc: 95.99 - test acc: 93.47 - test eer : 0.047
2022-04-15 21:40:13,372 - INFO - [008]: Best Test Accuracy: 93.473
2022-04-15 21:40:16,382 - INFO - [008]: Best Model Saved: saved/SimpleLSTM_mfcc_I/best.pt
2022-04-15 21:40:16,387 - INFO - [008]: Prediction Saved: saved/SimpleLSTM_mfcc_I/best_pred.json
2022-04-15 21:50:20,118 - INFO - [009]: loss: 0.0872 - train acc: 96.84 - test acc: 94.08 - test eer : 0.041
2022-04-15 21:50:20,118 - INFO - [009]: Best Test Accuracy: 94.084
2022-04-15 21:50:23,128 - INFO - [009]: Best Model Saved: saved/SimpleLSTM_mfcc_I/best.pt
2022-04-15 21:50:23,132 - INFO - [009]: Prediction Saved: saved/SimpleLSTM_mfcc_I/best_pred.json
2022-04-15 22:00:27,727 - INFO - [010]: loss: 0.0742 - train acc: 97.24 - test acc: 93.36 - test eer : 0.019
2022-04-15 22:10:32,331 - INFO - [011]: loss: 0.0581 - train acc: 97.92 - test acc: 94.54 - test eer : 0.037
2022-04-15 22:10:32,331 - INFO - [011]: Best Test Accuracy: 94.542
2022-04-15 22:10:35,341 - INFO - [011]: Best Model Saved: saved/SimpleLSTM_mfcc_I/best.pt
2022-04-15 22:10:35,347 - INFO - [011]: Prediction Saved: saved/SimpleLSTM_mfcc_I/best_pred.json
2022-04-15 22:20:39,884 - INFO - [012]: loss: 0.0434 - train acc: 98.43 - test acc: 95.13 - test eer : 0.045
2022-04-15 22:20:39,884 - INFO - [012]: Best Test Accuracy: 95.134
2022-04-15 22:20:42,894 - INFO - [012]: Best Model Saved: saved/SimpleLSTM_mfcc_I/best.pt
2022-04-15 22:20:42,900 - INFO - [012]: Prediction Saved: saved/SimpleLSTM_mfcc_I/best_pred.json
2022-04-15 22:30:43,833 - INFO - [013]: loss: 0.0362 - train acc: 98.81 - test acc: 95.08 - test eer : 0.029
2022-04-15 22:40:45,338 - INFO - [014]: loss: 0.0349 - train acc: 98.74 - test acc: 94.43 - test eer : 0.017
2022-04-15 22:50:47,678 - INFO - [015]: loss: 0.0243 - train acc: 99.28 - test acc: 95.21 - test eer : 0.028
2022-04-15 22:50:47,678 - INFO - [015]: Best Test Accuracy: 95.21
2022-04-15 22:50:50,688 - INFO - [015]: Best Model Saved: saved/SimpleLSTM_mfcc_I/best.pt
2022-04-15 22:50:50,694 - INFO - [015]: Prediction Saved: saved/SimpleLSTM_mfcc_I/best_pred.json
2022-04-15 23:00:51,433 - INFO - [016]: loss: 0.0201 - train acc: 99.35 - test acc: 95.34 - test eer : 0.022
2022-04-15 23:00:51,433 - INFO - [016]: Best Test Accuracy: 95.344
2022-04-15 23:00:54,443 - INFO - [016]: Best Model Saved: saved/SimpleLSTM_mfcc_I/best.pt
2022-04-15 23:00:54,448 - INFO - [016]: Prediction Saved: saved/SimpleLSTM_mfcc_I/best_pred.json
2022-04-15 23:10:56,261 - INFO - [017]: loss: 0.0162 - train acc: 99.48 - test acc: 95.46 - test eer : 0.029
2022-04-15 23:10:56,261 - INFO - [017]: Best Test Accuracy: 95.458
2022-04-15 23:10:59,271 - INFO - [017]: Best Model Saved: saved/SimpleLSTM_mfcc_I/best.pt
2022-04-15 23:10:59,276 - INFO - [017]: Prediction Saved: saved/SimpleLSTM_mfcc_I/best_pred.json
2022-04-15 23:20:59,874 - INFO - [018]: loss: 0.0112 - train acc: 99.71 - test acc: 94.96 - test eer : 0.018
2022-04-15 23:31:04,031 - INFO - [019]: loss: 0.0156 - train acc: 99.49 - test acc: 96.01 - test eer : 0.04
2022-04-15 23:31:04,031 - INFO - [019]: Best Test Accuracy: 96.011
2022-04-15 23:31:07,039 - INFO - [019]: Best Model Saved: saved/SimpleLSTM_mfcc_I/best.pt
2022-04-15 23:31:07,044 - INFO - [019]: Prediction Saved: saved/SimpleLSTM_mfcc_I/best_pred.json
