2022-04-17 13:10:00,448 - INFO - Batch size: 256, seed: 42, epochs: 10
2022-04-17 13:10:00,448 - INFO - Training model: MLP
2022-04-17 13:10:00,448 - INFO - Input feature : mfcc
2022-04-17 13:10:00,449 - INFO - Model kwargs  : {
  "in_dim": 38880,
  "out_dim": 1
}
2022-04-17 13:10:00,449 - INFO - Loading data...
2022-04-17 13:10:00,584 - INFO - Loading data from /home/markhuang/Data/WaveFake/real...!
2022-04-17 13:10:00,680 - INFO - Loading data from /home/markhuang/Data/WaveFake/fake/ljspeech_melgan...!
2022-04-17 13:10:00,681 - INFO - Training model on 20960 audio files.
2022-04-17 13:10:00,681 - INFO - Testing model on  5240 audio files.
2022-04-17 13:10:00,681 - INFO - Train/Test ratio: 4.0
2022-04-17 13:10:00,681 - INFO - Real/Fake ratio in training: 1.0 (pos_weight)
2022-04-17 13:20:07,600 - INFO - [000]: loss: 0.6954 - train acc: 49.76 - test acc: 50.0 - test eer : 0.0
2022-04-17 13:20:07,600 - INFO - [000]: Best Test Accuracy: 50.0
2022-04-17 13:20:10,660 - INFO - [000]: Best Model Saved: saved/MLP_mfcc_I/best.pt
2022-04-17 13:20:10,664 - INFO - [000]: Prediction Saved: saved/MLP_mfcc_I/best_pred.json
2022-04-17 13:30:15,207 - INFO - [001]: loss: 0.6933 - train acc: 49.74 - test acc: 50.0 - test eer : 0.0
2022-04-17 13:40:20,033 - INFO - [002]: loss: 0.6934 - train acc: 49.36 - test acc: 50.0 - test eer : 0.0
2022-04-17 13:50:25,500 - INFO - [003]: loss: 0.6935 - train acc: 49.42 - test acc: 50.0 - test eer : 0.0
2022-04-17 14:00:30,945 - INFO - [004]: loss: 0.6934 - train acc: 49.68 - test acc: 50.0 - test eer : 0.0
2022-04-17 14:10:35,943 - INFO - [005]: loss: 0.6933 - train acc: 49.97 - test acc: 50.0 - test eer : 0.0
2022-04-17 14:20:40,642 - INFO - [006]: loss: 0.6934 - train acc: 50.28 - test acc: 50.0 - test eer : 0.0
2022-04-17 14:30:45,452 - INFO - [007]: loss: 0.6934 - train acc: 49.56 - test acc: 50.0 - test eer : 0.0
2022-04-17 14:41:04,305 - INFO - [008]: loss: 0.6932 - train acc: 50.03 - test acc: 50.0 - test eer : 0.0
2022-04-17 14:51:25,152 - INFO - [009]: loss: 0.6936 - train acc: 49.48 - test acc: 50.0 - test eer : 0.0
