2022-04-18 14:42:14,848 - INFO - Batch size: 512, seed: 42, epochs: 30
2022-04-18 14:42:14,848 - INFO - Training model: WaveLSTM
2022-04-18 14:42:14,848 - INFO - Input feature : wave
2022-04-18 14:42:14,848 - INFO - Model kwargs  : {
  "num_frames": 10,
  "input_len": 64600,
  "hidden_dim": 30,
  "out_dim": 1,
  "device": "cuda"
}
2022-04-18 14:42:14,848 - INFO - Loading data...
2022-04-18 14:42:14,981 - INFO - Loading data from /home/markhuang/Data/WaveFake/real...!
2022-04-18 14:42:15,079 - INFO - Loading data from /home/markhuang/Data/WaveFake/fake/ljspeech_melgan...!
2022-04-18 14:42:15,177 - INFO - Loading data from /home/markhuang/Data/WaveFake/fake/ljspeech_parallel_wavegan...!
2022-04-18 14:42:15,345 - INFO - Loading data from /home/markhuang/Data/WaveFake/fake/ljspeech_hifiGAN...!
2022-04-18 14:42:15,442 - INFO - Loading data from /home/markhuang/Data/WaveFake/fake/ljspeech_waveglow...!
2022-04-18 14:42:15,539 - INFO - Loading data from /home/markhuang/Data/WaveFake/fake/ljspeech_multi_band_melgan...!
2022-04-18 14:42:15,637 - INFO - Loading data from /home/markhuang/Data/WaveFake/fake/ljspeech_full_band_melgan...!
2022-04-18 14:42:15,861 - INFO - Loading data from /home/markhuang/Data/WaveFake/fake/ljspeech_melgan_large...!
2022-04-18 14:42:15,861 - INFO - Training model on 88294 audio files.
2022-04-18 14:42:15,861 - INFO - Testing model on  5240 audio files.
2022-04-18 14:42:15,861 - INFO - Train/Test ratio: 16.85
2022-04-18 14:42:15,861 - INFO - Real/Fake ratio in training: 0.135 (pos_weight)
2022-04-18 14:42:21,819 - INFO - Model summary:
==========================================================================================
Layer (type:depth-idx)                   Output Shape              Param #
==========================================================================================
WaveLSTM                                 --                        --
├─LSTM: 1-1                              [512, 10, 60]             1,580,160
├─Conv1d: 1-2                            [512, 10, 10]             610
├─Linear: 1-3                            [512, 1]                  101
==========================================================================================
Total params: 1,580,871
Trainable params: 1,580,871
Non-trainable params: 0
Total mult-adds (G): 8.09
==========================================================================================
Input size (MB): 132.30
Forward/backward pass size (MB): 2.87
Params size (MB): 6.32
Estimated Total Size (MB): 141.50
==========================================================================================
