2022-04-18 14:35:20,666 - INFO - Batch size: 512, seed: 42, epochs: 30
2022-04-18 14:35:20,666 - INFO - Training model: WaveLSTM
2022-04-18 14:35:20,666 - INFO - Input feature : wave
2022-04-18 14:35:20,666 - INFO - Model kwargs  : {
  "num_frames": 10,
  "input_len": 64600,
  "hidden_dim": 30,
  "out_dim": 1,
  "device": "cuda:1"
}
2022-04-18 14:35:20,666 - INFO - Loading data...
2022-04-18 14:35:20,800 - INFO - Loading data from /home/markhuang/Data/WaveFake/real...!
2022-04-18 14:35:20,896 - INFO - Loading data from /home/markhuang/Data/WaveFake/fake/ljspeech_melgan...!
2022-04-18 14:35:20,993 - INFO - Loading data from /home/markhuang/Data/WaveFake/fake/ljspeech_parallel_wavegan...!
2022-04-18 14:35:21,165 - INFO - Loading data from /home/markhuang/Data/WaveFake/fake/ljspeech_hifiGAN...!
2022-04-18 14:35:21,263 - INFO - Loading data from /home/markhuang/Data/WaveFake/fake/ljspeech_waveglow...!
2022-04-18 14:35:21,361 - INFO - Loading data from /home/markhuang/Data/WaveFake/fake/ljspeech_multi_band_melgan...!
2022-04-18 14:35:21,458 - INFO - Loading data from /home/markhuang/Data/WaveFake/fake/ljspeech_full_band_melgan...!
2022-04-18 14:35:21,678 - INFO - Loading data from /home/markhuang/Data/WaveFake/fake/ljspeech_melgan_large...!
2022-04-18 14:35:21,678 - INFO - Training model on 88294 audio files.
2022-04-18 14:35:21,678 - INFO - Testing model on  5240 audio files.
2022-04-18 14:35:21,678 - INFO - Train/Test ratio: 16.85
2022-04-18 14:35:21,678 - INFO - Real/Fake ratio in training: 0.135 (pos_weight)
2022-04-18 14:35:29,170 - INFO - Model summary:
==========================================================================================
Layer (type:depth-idx)                   Output Shape              Param #
==========================================================================================
WaveLSTM                                 --                        --
├─LSTM: 1-1                              [512, 10, 60]             1,580,160
├─Conv1d: 1-2                            [512, 10, 10]             610
├─Linear: 1-3                            [512, 1]                  101
==========================================================================================
Total params: 1,580,871
Trainable params: 1,580,871
Non-trainable params: 0
Total mult-adds (G): 8.09
==========================================================================================
Input size (MB): 132.30
Forward/backward pass size (MB): 2.87
Params size (MB): 6.32
Estimated Total Size (MB): 141.50
==========================================================================================
2022-04-18 14:35:40,163 - ERROR - Input and parameter tensors are not at the same device, found input tensor at cuda:1 and parameter tensor at cuda:0
Traceback (most recent call last):
  File "train.py", line 338, in main
    experiment(
  File "train.py", line 288, in experiment
    train(
  File "train.py", line 239, in train
    ModelTrainer(
  File "/home/markhuang/code/AudioDeepFakeDetection/trainer.py", line 111, in train
    batch_out = model(batch_x)  # (B, 1)
  File "/home/markhuang/code/AudioDeepFakeDetection/venv/lib/python3.8/site-packages/torch/nn/modules/module.py", line 1129, in _call_impl
    return forward_call(*input, **kwargs)
  File "/home/markhuang/code/AudioDeepFakeDetection/models/lstm.py", line 89, in forward
    lstm_out, _ = self.lstm(x)  # (B, T, C=hidden_dim * 2)
  File "/home/markhuang/code/AudioDeepFakeDetection/venv/lib/python3.8/site-packages/torch/nn/modules/module.py", line 1129, in _call_impl
    return forward_call(*input, **kwargs)
  File "/home/markhuang/code/AudioDeepFakeDetection/venv/lib/python3.8/site-packages/torch/nn/modules/rnn.py", line 769, in forward
    result = _VF.lstm(input, hx, self._flat_weights, self.bias, self.num_layers,
RuntimeError: Input and parameter tensors are not at the same device, found input tensor at cuda:1 and parameter tensor at cuda:0
