2022-04-16 02:53:56,910 - INFO - Training model: ShallowCNN
2022-04-16 02:53:56,910 - INFO - Input feature : mfcc
2022-04-16 02:53:56,910 - INFO - Model kwargs  : {
  "in_features": 1,
  "out_dim": 1
}
2022-04-16 02:53:56,910 - INFO - Loading data...
2022-04-16 02:53:57,045 - INFO - Loading data from /home/markhuang/Data/WaveFake/real...!
2022-04-16 02:53:57,142 - INFO - Loading data from /home/markhuang/Data/WaveFake/fake/ljspeech_melgan...!
2022-04-16 02:53:57,142 - INFO - Training model on 20960 audio files.
2022-04-16 02:53:57,142 - INFO - Testing model on  5240 audio files.
2022-04-16 02:53:57,142 - INFO - Train/Test ratio: 4.0
2022-04-16 02:53:57,142 - INFO - Real/Fake ratio in training: 1.0 (pos_weight)
2022-04-16 03:04:04,238 - INFO - [000]: loss: 0.9158 - train acc: 52.25 - test acc: 60.71 - test eer : 0.063
2022-04-16 03:04:04,238 - INFO - [000]: Best Test Accuracy: 60.706
2022-04-16 03:04:07,268 - INFO - [000]: Best Model Saved: saved/ShallowCNN_mfcc_I/best.pt
2022-04-16 03:04:07,272 - INFO - [000]: Prediction Saved: saved/ShallowCNN_mfcc_I/best_pred.json
2022-04-16 03:14:14,978 - INFO - [001]: loss: 0.6463 - train acc: 62.19 - test acc: 63.78 - test eer : 0.669
2022-04-16 03:14:14,978 - INFO - [001]: Best Test Accuracy: 63.779
2022-04-16 03:14:18,113 - INFO - [001]: Best Model Saved: saved/ShallowCNN_mfcc_I/best.pt
2022-04-16 03:14:18,120 - INFO - [001]: Prediction Saved: saved/ShallowCNN_mfcc_I/best_pred.json
2022-04-16 03:24:27,595 - INFO - [002]: loss: 0.6013 - train acc: 68.57 - test acc: 62.16 - test eer : 0.013
2022-04-16 03:34:35,626 - INFO - [003]: loss: 0.549 - train acc: 71.19 - test acc: 66.16 - test eer : 0.013
2022-04-16 03:34:35,626 - INFO - [003]: Best Test Accuracy: 66.164
2022-04-16 03:34:38,788 - INFO - [003]: Best Model Saved: saved/ShallowCNN_mfcc_I/best.pt
2022-04-16 03:34:38,794 - INFO - [003]: Prediction Saved: saved/ShallowCNN_mfcc_I/best_pred.json
2022-04-16 03:44:44,603 - INFO - [004]: loss: 0.4756 - train acc: 77.19 - test acc: 61.97 - test eer : 0.004
2022-04-16 03:54:53,374 - INFO - [005]: loss: 0.4109 - train acc: 81.74 - test acc: 86.83 - test eer : 0.111
2022-04-16 03:54:53,374 - INFO - [005]: Best Test Accuracy: 86.832
2022-04-16 03:54:56,542 - INFO - [005]: Best Model Saved: saved/ShallowCNN_mfcc_I/best.pt
2022-04-16 03:54:56,549 - INFO - [005]: Prediction Saved: saved/ShallowCNN_mfcc_I/best_pred.json
2022-04-16 04:05:04,469 - INFO - [006]: loss: 0.318 - train acc: 87.21 - test acc: 85.65 - test eer : 0.027
2022-04-16 04:15:12,636 - INFO - [007]: loss: 0.2559 - train acc: 90.0 - test acc: 92.96 - test eer : 0.094
2022-04-16 04:15:12,636 - INFO - [007]: Best Test Accuracy: 92.958
2022-04-16 04:15:15,837 - INFO - [007]: Best Model Saved: saved/ShallowCNN_mfcc_I/best.pt
2022-04-16 04:15:15,844 - INFO - [007]: Prediction Saved: saved/ShallowCNN_mfcc_I/best_pred.json
2022-04-16 04:25:23,536 - INFO - [008]: loss: 0.2016 - train acc: 92.25 - test acc: 85.08 - test eer : 0.002
2022-04-16 04:35:31,934 - INFO - [009]: loss: 0.1293 - train acc: 95.83 - test acc: 97.65 - test eer : 0.031
2022-04-16 04:35:31,934 - INFO - [009]: Best Test Accuracy: 97.653
2022-04-16 04:35:35,067 - INFO - [009]: Best Model Saved: saved/ShallowCNN_mfcc_I/best.pt
2022-04-16 04:35:35,074 - INFO - [009]: Prediction Saved: saved/ShallowCNN_mfcc_I/best_pred.json
2022-04-16 04:45:45,272 - INFO - [010]: loss: 0.0971 - train acc: 96.79 - test acc: 97.56 - test eer : 0.003
2022-04-16 04:55:52,437 - INFO - [011]: loss: 0.0557 - train acc: 98.32 - test acc: 99.05 - test eer : 0.003
2022-04-16 04:55:52,437 - INFO - [011]: Best Test Accuracy: 99.046
2022-04-16 04:55:55,565 - INFO - [011]: Best Model Saved: saved/ShallowCNN_mfcc_I/best.pt
2022-04-16 04:55:55,572 - INFO - [011]: Prediction Saved: saved/ShallowCNN_mfcc_I/best_pred.json
2022-04-16 05:06:03,416 - INFO - [012]: loss: 0.0238 - train acc: 99.54 - test acc: 98.65 - test eer : 0.002
2022-04-16 05:16:11,795 - INFO - [013]: loss: 0.0188 - train acc: 99.56 - test acc: 97.94 - test eer : 0.0
2022-04-16 05:26:20,998 - INFO - [014]: loss: 0.0193 - train acc: 99.43 - test acc: 99.47 - test eer : 0.002
2022-04-16 05:26:20,998 - INFO - [014]: Best Test Accuracy: 99.466
2022-04-16 05:26:24,189 - INFO - [014]: Best Model Saved: saved/ShallowCNN_mfcc_I/best.pt
2022-04-16 05:26:24,196 - INFO - [014]: Prediction Saved: saved/ShallowCNN_mfcc_I/best_pred.json
2022-04-16 05:36:32,624 - INFO - [015]: loss: 0.0079 - train acc: 99.84 - test acc: 99.68 - test eer : 0.002
2022-04-16 05:36:32,624 - INFO - [015]: Best Test Accuracy: 99.676
2022-04-16 05:36:35,758 - INFO - [015]: Best Model Saved: saved/ShallowCNN_mfcc_I/best.pt
2022-04-16 05:36:35,766 - INFO - [015]: Prediction Saved: saved/ShallowCNN_mfcc_I/best_pred.json
2022-04-16 05:46:45,939 - INFO - [016]: loss: 0.0066 - train acc: 99.87 - test acc: 99.48 - test eer : 0.0
2022-04-16 05:56:54,016 - INFO - [017]: loss: 0.9907 - train acc: 83.89 - test acc: 50.0 - test eer : 0.0
2022-04-16 06:07:02,811 - INFO - [018]: loss: 0.6933 - train acc: 50.0 - test acc: 50.0 - test eer : 0.0
2022-04-16 06:17:11,825 - INFO - [019]: loss: 0.6934 - train acc: 50.0 - test acc: 50.0 - test eer : 0.0
