2022-04-18 14:52:00,228 - INFO - Batch size: 512, seed: 42, epochs: 25
2022-04-18 14:52:00,228 - INFO - Training model: WaveRNN
2022-04-18 14:52:00,229 - INFO - Input feature : wave
2022-04-18 14:52:00,229 - INFO - Model kwargs  : {
  "num_frames": 10,
  "input_length": 64600,
  "hidden_size": 1000,
  "device": "cuda"
}
2022-04-18 14:52:00,236 - INFO - Loading data...
2022-04-18 14:52:00,430 - INFO - Loading data from /home/markhuang/Data/WaveFake/real...!
2022-04-18 14:52:00,524 - INFO - Loading data from /home/markhuang/Data/WaveFake/fake/ljspeech_melgan...!
2022-04-18 14:52:00,524 - INFO - Training model on 20960 audio files.
2022-04-18 14:52:00,524 - INFO - Testing model on  5240 audio files.
2022-04-18 14:52:00,524 - INFO - Train/Test ratio: 4.0
2022-04-18 14:52:00,524 - INFO - Real/Fake ratio in training: 1.0 (pos_weight)
2022-04-18 14:53:01,541 - INFO - Model summary:
==========================================================================================
Layer (type:depth-idx)                   Output Shape              Param #
==========================================================================================
RNNClassification                        --                        --
├─SimpleRNN: 1                           --                        --
│    └─ModuleList: 2-1                   --                        --
├─SimpleRNN: 1-1                         [512, 3230]               --
│    └─ModuleList: 2-1                   --                        --
│    │    └─RNNCell: 3-1                 [512, 1000]               7,462,000
│    │    └─RNNCell: 3-2                 [512, 1000]               2,002,000
│    │    └─RNNCell: 3-3                 [512, 1000]               (recursive)
│    │    └─RNNCell: 3-4                 [512, 1000]               (recursive)
│    │    └─RNNCell: 3-5                 [512, 1000]               (recursive)
│    │    └─RNNCell: 3-6                 [512, 1000]               (recursive)
│    │    └─RNNCell: 3-7                 [512, 1000]               (recursive)
│    │    └─RNNCell: 3-8                 [512, 1000]               (recursive)
│    │    └─RNNCell: 3-9                 [512, 1000]               (recursive)
│    │    └─RNNCell: 3-10                [512, 1000]               (recursive)
│    │    └─RNNCell: 3-11                [512, 1000]               (recursive)
│    │    └─RNNCell: 3-12                [512, 1000]               (recursive)
│    │    └─RNNCell: 3-13                [512, 1000]               (recursive)
│    │    └─RNNCell: 3-14                [512, 1000]               (recursive)
│    │    └─RNNCell: 3-15                [512, 1000]               (recursive)
│    │    └─RNNCell: 3-16                [512, 1000]               (recursive)
│    │    └─RNNCell: 3-17                [512, 1000]               (recursive)
│    │    └─RNNCell: 3-18                [512, 1000]               (recursive)
│    │    └─RNNCell: 3-19                [512, 1000]               (recursive)
│    │    └─RNNCell: 3-20                [512, 1000]               (recursive)
│    └─Linear: 2-2                       [512, 3230]               3,233,230
├─Dropout: 1-2                           [512, 3230]               --
├─ReLU: 1-3                              [512, 3230]               --
├─Linear: 1-4                            [512, 1]                  3,231
==========================================================================================
Total params: 12,700,461
Trainable params: 12,700,461
Non-trainable params: 0
Total mult-adds (G): 50.11
==========================================================================================
Input size (MB): 132.30
Forward/backward pass size (MB): 29.62
Params size (MB): 50.80
Estimated Total Size (MB): 212.72
==========================================================================================
2022-04-18 15:02:34,567 - INFO - [000]: loss: 0.6957 - train acc: 50.54 - test acc: 50.42 - test eer : 0.4977
2022-04-18 15:02:34,567 - INFO - Best Test Accuracy: 50.42
2022-04-18 15:02:37,716 - INFO - Best Model Saved: saved/WaveRNN_wave_I/best.pt
2022-04-18 15:02:37,720 - INFO - Prediction Saved: saved/WaveRNN_wave_I/best_pred.json
2022-04-18 15:12:11,251 - INFO - [001]: loss: 0.6759 - train acc: 57.9 - test acc: 49.85 - test eer : 0.5012
2022-04-18 15:21:44,730 - INFO - [002]: loss: 0.6271 - train acc: 64.04 - test acc: 56.89 - test eer : 0.4404
2022-04-18 15:21:44,730 - INFO - Best Test Accuracy: 56.889
2022-04-18 15:21:48,549 - INFO - Best Model Saved: saved/WaveRNN_wave_I/best.pt
2022-04-18 15:21:48,555 - INFO - Prediction Saved: saved/WaveRNN_wave_I/best_pred.json
2022-04-18 15:31:21,831 - INFO - [003]: loss: 0.5352 - train acc: 72.57 - test acc: 61.68 - test eer : 0.4132
2022-04-18 15:31:21,831 - INFO - Best Test Accuracy: 61.679
2022-04-18 15:31:25,706 - INFO - Best Model Saved: saved/WaveRNN_wave_I/best.pt
2022-04-18 15:31:25,712 - INFO - Prediction Saved: saved/WaveRNN_wave_I/best_pred.json
2022-04-18 15:41:01,113 - INFO - [004]: loss: 0.4437 - train acc: 79.0 - test acc: 63.3 - test eer : 0.3928
2022-04-18 15:41:01,113 - INFO - Best Test Accuracy: 63.302
2022-04-18 15:41:05,002 - INFO - Best Model Saved: saved/WaveRNN_wave_I/best.pt
2022-04-18 15:41:05,009 - INFO - Prediction Saved: saved/WaveRNN_wave_I/best_pred.json
2022-04-18 15:50:40,004 - INFO - [005]: loss: 0.3653 - train acc: 83.75 - test acc: 64.31 - test eer : 0.3594
2022-04-18 15:50:40,004 - INFO - Best Test Accuracy: 64.313
2022-04-18 15:50:43,832 - INFO - Best Model Saved: saved/WaveRNN_wave_I/best.pt
2022-04-18 15:50:43,838 - INFO - Prediction Saved: saved/WaveRNN_wave_I/best_pred.json
2022-04-18 16:00:19,118 - INFO - [006]: loss: 0.2838 - train acc: 87.84 - test acc: 64.05 - test eer : 0.3812
2022-04-18 16:10:36,914 - INFO - [007]: loss: 0.2089 - train acc: 91.77 - test acc: 63.15 - test eer : 0.3782
2022-04-18 16:22:15,958 - INFO - [008]: loss: 0.1756 - train acc: 92.71 - test acc: 63.63 - test eer : 0.3691
2022-04-18 16:52:10,118 - INFO - [009]: loss: 0.1293 - train acc: 95.12 - test acc: 64.14 - test eer : 0.3731
2022-04-18 17:08:42,453 - INFO - [010]: loss: 0.1155 - train acc: 95.46 - test acc: 63.91 - test eer : 0.3702
2022-04-18 17:19:54,070 - INFO - [011]: loss: 0.0885 - train acc: 96.74 - test acc: 65.27 - test eer : 0.3502
2022-04-18 17:19:54,083 - INFO - Best Test Accuracy: 65.267
2022-04-18 17:20:01,144 - INFO - Best Model Saved: saved/WaveRNN_wave_I/best.pt
2022-04-18 17:20:01,149 - INFO - Prediction Saved: saved/WaveRNN_wave_I/best_pred.json
2022-04-18 17:48:03,157 - INFO - [012]: loss: 0.0892 - train acc: 96.59 - test acc: 63.51 - test eer : 0.376
2022-04-18 17:59:11,461 - INFO - [013]: loss: 0.057 - train acc: 97.89 - test acc: 63.51 - test eer : 0.37
2022-04-18 18:09:58,667 - INFO - [014]: loss: 0.0725 - train acc: 97.29 - test acc: 63.17 - test eer : 0.3798
2022-04-18 18:20:42,871 - INFO - [015]: loss: 0.0712 - train acc: 97.34 - test acc: 63.34 - test eer : 0.3716
2022-04-18 18:31:30,688 - INFO - [016]: loss: 0.0408 - train acc: 98.51 - test acc: 64.03 - test eer : 0.361
2022-04-18 18:42:18,545 - INFO - [017]: loss: 0.0409 - train acc: 98.5 - test acc: 63.72 - test eer : 0.3712
2022-04-18 18:53:09,847 - INFO - [018]: loss: 0.0592 - train acc: 97.81 - test acc: 63.45 - test eer : 0.3792
2022-04-18 19:03:59,148 - INFO - [019]: loss: 0.0624 - train acc: 97.65 - test acc: 64.56 - test eer : 0.3621
2022-04-18 19:14:48,300 - INFO - [020]: loss: 0.0437 - train acc: 98.35 - test acc: 64.26 - test eer : 0.3782
2022-04-18 19:25:35,339 - INFO - [021]: loss: 0.0361 - train acc: 98.63 - test acc: 63.13 - test eer : 0.3907
2022-04-18 19:36:22,838 - INFO - [022]: loss: 0.0466 - train acc: 98.21 - test acc: 63.02 - test eer : 0.3757
2022-04-18 19:47:12,189 - INFO - [023]: loss: 0.0522 - train acc: 98.06 - test acc: 64.54 - test eer : 0.3748
2022-04-18 19:58:00,581 - INFO - [024]: loss: 0.028 - train acc: 99.01 - test acc: 64.2 - test eer : 0.3697
