2022-04-17 11:26:19,351 - INFO - Batch size: 256, seed: 42, epochs: 30
2022-04-17 11:26:19,351 - INFO - Training model: TSSD
2022-04-17 11:26:19,351 - INFO - Input feature : wave
2022-04-17 11:26:19,351 - INFO - Model kwargs  : {
  "in_dim": 64600
}
2022-04-17 11:26:19,351 - INFO - Loading data...
2022-04-17 11:26:19,485 - INFO - Loading data from /home/markhuang/Data/WaveFake/real...!
2022-04-17 11:26:19,582 - INFO - Loading data from /home/markhuang/Data/WaveFake/fake/ljspeech_melgan...!
2022-04-17 11:26:19,582 - INFO - Training model on 20960 audio files.
2022-04-17 11:26:19,582 - INFO - Testing model on  5240 audio files.
2022-04-17 11:26:19,582 - INFO - Train/Test ratio: 4.0
2022-04-17 11:26:19,582 - INFO - Real/Fake ratio in training: 1.0 (pos_weight)
2022-04-17 11:39:45,734 - INFO - [000]: loss: 0.2013 - train acc: 91.38 - test acc: 96.34 - test eer : 0.069
2022-04-17 11:39:45,734 - INFO - [000]: Best Test Accuracy: 96.336
2022-04-17 11:39:48,756 - INFO - [000]: Best Model Saved: saved/TSSD_wave_I/best.pt
2022-04-17 11:39:48,760 - INFO - [000]: Prediction Saved: saved/TSSD_wave_I/best_pred.json
2022-04-17 11:49:22,005 - INFO - [001]: loss: 0.0254 - train acc: 99.0 - test acc: 99.03 - test eer : 0.017
2022-04-17 11:49:22,006 - INFO - [001]: Best Test Accuracy: 99.027
2022-04-17 11:49:25,027 - INFO - [001]: Best Model Saved: saved/TSSD_wave_I/best.pt
2022-04-17 11:49:25,030 - INFO - [001]: Prediction Saved: saved/TSSD_wave_I/best_pred.json
2022-04-17 11:58:57,676 - INFO - [002]: loss: 0.0126 - train acc: 99.51 - test acc: 99.54 - test eer : 0.001
2022-04-17 11:58:57,676 - INFO - [002]: Best Test Accuracy: 99.542
2022-04-17 11:59:00,698 - INFO - [002]: Best Model Saved: saved/TSSD_wave_I/best.pt
2022-04-17 11:59:00,702 - INFO - [002]: Prediction Saved: saved/TSSD_wave_I/best_pred.json
2022-04-17 12:08:32,892 - INFO - [003]: loss: 0.006 - train acc: 99.74 - test acc: 99.71 - test eer : 0.001
2022-04-17 12:08:32,892 - INFO - [003]: Best Test Accuracy: 99.714
2022-04-17 12:08:35,914 - INFO - [003]: Best Model Saved: saved/TSSD_wave_I/best.pt
2022-04-17 12:08:35,918 - INFO - [003]: Prediction Saved: saved/TSSD_wave_I/best_pred.json
2022-04-17 12:18:08,743 - INFO - [004]: loss: 0.0046 - train acc: 99.82 - test acc: 99.68 - test eer : 0.0
2022-04-17 12:27:42,511 - INFO - [005]: loss: 0.0028 - train acc: 99.87 - test acc: 98.74 - test eer : 0.024
2022-04-17 12:37:14,816 - INFO - [006]: loss: 0.0035 - train acc: 99.85 - test acc: 99.68 - test eer : 0.0
2022-04-17 12:46:48,014 - INFO - [007]: loss: 0.0022 - train acc: 99.9 - test acc: 99.9 - test eer : 0.001
2022-04-17 12:46:48,014 - INFO - [007]: Best Test Accuracy: 99.905
2022-04-17 12:46:51,037 - INFO - [007]: Best Model Saved: saved/TSSD_wave_I/best.pt
2022-04-17 12:46:51,040 - INFO - [007]: Prediction Saved: saved/TSSD_wave_I/best_pred.json
2022-04-17 12:56:24,835 - INFO - [008]: loss: 0.0033 - train acc: 99.85 - test acc: 99.77 - test eer : 0.0
