2022-04-16 10:03:40,389 - INFO - Batch size: 256, seed: 42, epochs: 20
2022-04-16 10:03:40,389 - INFO - Training model: SimpleLSTM
2022-04-16 10:03:40,389 - INFO - Input feature : lfcc
2022-04-16 10:03:40,389 - INFO - Model kwargs  : {
  "feat_dim": 40,
  "time_dim": 972,
  "mid_dim": 30,
  "out_dim": 1
}
2022-04-16 10:03:40,389 - INFO - Loading data...
2022-04-16 10:03:40,525 - INFO - Loading data from /home/markhuang/Data/WaveFake/real...!
2022-04-16 10:03:40,622 - INFO - Loading data from /home/markhuang/Data/WaveFake/fake/ljspeech_melgan...!
2022-04-16 10:03:40,721 - INFO - Loading data from /home/markhuang/Data/WaveFake/fake/ljspeech_parallel_wavegan...!
2022-04-16 10:03:40,892 - INFO - Loading data from /home/markhuang/Data/WaveFake/fake/ljspeech_hifiGAN...!
2022-04-16 10:03:40,988 - INFO - Loading data from /home/markhuang/Data/WaveFake/fake/ljspeech_waveglow...!
2022-04-16 10:03:41,086 - INFO - Loading data from /home/markhuang/Data/WaveFake/fake/ljspeech_multi_band_melgan...!
2022-04-16 10:03:41,184 - INFO - Loading data from /home/markhuang/Data/WaveFake/fake/ljspeech_full_band_melgan...!
2022-04-16 10:03:41,409 - INFO - Loading data from /home/markhuang/Data/WaveFake/fake/ljspeech_melgan_large...!
2022-04-16 10:03:41,409 - INFO - Training model on 88294 audio files.
2022-04-16 10:03:41,409 - INFO - Testing model on  5240 audio files.
2022-04-16 10:03:41,409 - INFO - Train/Test ratio: 16.85
2022-04-16 10:03:41,409 - INFO - Real/Fake ratio in training: 0.135 (pos_weight)
2022-04-16 10:40:24,245 - INFO - [000]: loss: 0.0819 - train acc: 87.93 - test acc: 50.0 - test eer : 0.0
2022-04-16 10:40:24,245 - INFO - [000]: Best Test Accuracy: 50.0
2022-04-16 10:40:27,252 - INFO - [000]: Best Model Saved: saved/SimpleLSTM_lfcc_O/best.pt
2022-04-16 10:40:27,257 - INFO - [000]: Prediction Saved: saved/SimpleLSTM_lfcc_O/best_pred.json
2022-04-16 11:17:30,668 - INFO - [001]: loss: 0.0468 - train acc: 89.74 - test acc: 67.18 - test eer : 0.029
2022-04-16 11:17:30,668 - INFO - [001]: Best Test Accuracy: 67.176
2022-04-16 11:17:33,679 - INFO - [001]: Best Model Saved: saved/SimpleLSTM_lfcc_O/best.pt
2022-04-16 11:17:33,684 - INFO - [001]: Prediction Saved: saved/SimpleLSTM_lfcc_O/best_pred.json
2022-04-16 11:54:25,576 - INFO - [002]: loss: 0.0222 - train acc: 95.69 - test acc: 89.1 - test eer : 0.024
2022-04-16 11:54:25,576 - INFO - [002]: Best Test Accuracy: 89.103
2022-04-16 11:54:28,584 - INFO - [002]: Best Model Saved: saved/SimpleLSTM_lfcc_O/best.pt
2022-04-16 11:54:28,590 - INFO - [002]: Prediction Saved: saved/SimpleLSTM_lfcc_O/best_pred.json
2022-04-16 12:31:21,676 - INFO - [003]: loss: 0.0102 - train acc: 98.14 - test acc: 91.51 - test eer : 0.031
2022-04-16 12:31:21,676 - INFO - [003]: Best Test Accuracy: 91.508
2022-04-16 12:31:24,685 - INFO - [003]: Best Model Saved: saved/SimpleLSTM_lfcc_O/best.pt
2022-04-16 12:31:24,691 - INFO - [003]: Prediction Saved: saved/SimpleLSTM_lfcc_O/best_pred.json
2022-04-16 13:10:09,867 - INFO - [004]: loss: 0.007 - train acc: 98.75 - test acc: 90.69 - test eer : 0.018
2022-04-16 13:50:37,112 - INFO - [005]: loss: 0.0048 - train acc: 99.14 - test acc: 92.73 - test eer : 0.03
2022-04-16 13:50:37,112 - INFO - [005]: Best Test Accuracy: 92.729
2022-04-16 13:50:40,118 - INFO - [005]: Best Model Saved: saved/SimpleLSTM_lfcc_O/best.pt
2022-04-16 13:50:40,121 - INFO - [005]: Prediction Saved: saved/SimpleLSTM_lfcc_O/best_pred.json
2022-04-16 14:29:43,977 - INFO - [006]: loss: 0.0044 - train acc: 99.22 - test acc: 93.65 - test eer : 0.084
2022-04-16 14:29:43,977 - INFO - [006]: Best Test Accuracy: 93.645
2022-04-16 14:29:46,981 - INFO - [006]: Best Model Saved: saved/SimpleLSTM_lfcc_O/best.pt
2022-04-16 14:29:46,985 - INFO - [006]: Prediction Saved: saved/SimpleLSTM_lfcc_O/best_pred.json
2022-04-16 15:08:54,566 - INFO - [007]: loss: 0.0036 - train acc: 99.35 - test acc: 92.27 - test eer : 0.02
2022-04-16 15:48:13,862 - INFO - [008]: loss: 0.0027 - train acc: 99.52 - test acc: 95.1 - test eer : 0.058
2022-04-16 15:48:13,862 - INFO - [008]: Best Test Accuracy: 95.095
2022-04-16 15:48:16,868 - INFO - [008]: Best Model Saved: saved/SimpleLSTM_lfcc_O/best.pt
2022-04-16 15:48:16,872 - INFO - [008]: Prediction Saved: saved/SimpleLSTM_lfcc_O/best_pred.json
2022-04-16 16:27:50,524 - INFO - [009]: loss: 0.0018 - train acc: 99.71 - test acc: 94.94 - test eer : 0.019
2022-04-16 17:07:21,979 - INFO - [010]: loss: 0.0025 - train acc: 99.57 - test acc: 91.43 - test eer : 0.008
2022-04-16 17:46:57,687 - INFO - [011]: loss: 0.0059 - train acc: 99.33 - test acc: 93.03 - test eer : 0.028
2022-04-16 18:26:35,658 - INFO - [012]: loss: 0.0025 - train acc: 99.56 - test acc: 95.52 - test eer : 0.023
2022-04-16 18:26:35,658 - INFO - [012]: Best Test Accuracy: 95.515
2022-04-16 18:26:38,665 - INFO - [012]: Best Model Saved: saved/SimpleLSTM_lfcc_O/best.pt
2022-04-16 18:26:38,669 - INFO - [012]: Prediction Saved: saved/SimpleLSTM_lfcc_O/best_pred.json
2022-04-16 19:06:15,717 - INFO - [013]: loss: 0.001 - train acc: 99.84 - test acc: 96.51 - test eer : 0.025
2022-04-16 19:06:15,717 - INFO - [013]: Best Test Accuracy: 96.508
2022-04-16 19:06:18,725 - INFO - [013]: Best Model Saved: saved/SimpleLSTM_lfcc_O/best.pt
2022-04-16 19:06:18,729 - INFO - [013]: Prediction Saved: saved/SimpleLSTM_lfcc_O/best_pred.json
2022-04-16 19:45:52,142 - INFO - [014]: loss: 0.0008 - train acc: 99.87 - test acc: 95.19 - test eer : 0.02
2022-04-16 20:25:25,672 - INFO - [015]: loss: 0.0011 - train acc: 99.8 - test acc: 83.68 - test eer : 0.0
2022-04-16 21:04:58,762 - INFO - [016]: loss: 0.0024 - train acc: 99.6 - test acc: 95.52 - test eer : 0.028
2022-04-16 21:44:43,087 - INFO - [017]: loss: 0.001 - train acc: 99.83 - test acc: 96.22 - test eer : 0.028
2022-04-16 22:24:34,868 - INFO - [018]: loss: 0.0017 - train acc: 99.71 - test acc: 95.06 - test eer : 0.029
2022-04-16 23:04:30,226 - INFO - [019]: loss: 0.0013 - train acc: 99.78 - test acc: 95.38 - test eer : 0.026
